<?xml version="1.0" encoding="UTF-8"?>
<!-- Generated by org.testng.reporters.JUnitXMLReporter -->
<testsuite hostname="Dell" ignored="0" name="Test" tests="10" failures="1" timestamp="02 Jul 2020 05:01:35 GMT" time="36.457" errors="0">
  <testcase name="TC__01_Register_Userpin_using_Mandatory_feilds" time="0.034" classname="iam.registerPin.TC_01_Register_admin_Active_userpin"/>
  <testcase name="TC__02_Register_Userpin_InactiveUser" time="0.009" classname="iam.registerPin.TC_02_Register_pin_InactiveUser"/>
  <testcase name="TC__03_Register_Userpin_DeletedUser" time="0.007" classname="iam.registerPin.TC_03Register_pin_DeletedUser"/>
  <testcase name="TC__04" time="0.006" classname="iam.registerPin.TC_04_RegisterMpin_with_NonMandatory_feilds"/>
  <testcase name="TC__05" time="0.006" classname="iam.registerPin.TC_05_Leave_anyone_Mandatoryfeilds"/>
  <testcase name="TC__06" time="0.007" classname="iam.registerPin.TC_06_RegisterMpin_non_created_user"/>
  <testcase name="TC__07" time="0.007" classname="iam.registerPin.TC_07_Pin_lessthan4_digits"/>
  <testcase name="TC__08" time="0.006" classname="iam.registerPin.TC_08_Pin_length_greater_than4"/>
  <testcase name="TC__09" time="0.009" classname="iam.registerPin.TC_09_registerMpin_for_registeredUser">
    <failure type="java.lang.AssertionError" message="expected [200] but found [400]">
      <![CDATA[java.lang.AssertionError: expected [200] but found [400]
at iam.registerPin.TC_09_registerMpin_for_registeredUser.TC__09(TC_09_registerMpin_for_registeredUser.java:45)
... Removed 31 stack frames]]>
    </failure>
  </testcase> <!-- TC__09 -->
  <testcase name="TC__10" time="0.003" classname="iam.registerPin.TC_10_RegisterMpin_with_alphanumericValues"/>
</testsuite> <!-- Test -->
